2022-02-13 18:48:36,128 INFO o.a.j.u.JMeterUtils: Setting Locale to en_EN
2022-02-13 18:48:36,165 INFO o.a.j.JMeter: Loading user properties from: /usr/local/Cellar/jmeter/5.3/libexec/bin/user.properties
2022-02-13 18:48:36,167 INFO o.a.j.JMeter: Loading system properties from: /usr/local/Cellar/jmeter/5.3/libexec/bin/system.properties
2022-02-13 18:48:36,168 INFO o.a.j.JMeter: Copyright (c) 1998-2020 The Apache Software Foundation
2022-02-13 18:48:36,168 INFO o.a.j.JMeter: Version 5.3
2022-02-13 18:48:36,168 INFO o.a.j.JMeter: java.version=11.0.5
2022-02-13 18:48:36,169 INFO o.a.j.JMeter: java.vm.name=OpenJDK 64-Bit Server VM
2022-02-13 18:48:36,169 INFO o.a.j.JMeter: os.name=Mac OS X
2022-02-13 18:48:36,169 INFO o.a.j.JMeter: os.arch=x86_64
2022-02-13 18:48:36,169 INFO o.a.j.JMeter: os.version=10.16
2022-02-13 18:48:36,169 INFO o.a.j.JMeter: file.encoding=UTF-8
2022-02-13 18:48:36,169 INFO o.a.j.JMeter: java.awt.headless=null
2022-02-13 18:48:36,169 INFO o.a.j.JMeter: Max memory     =1073741824
2022-02-13 18:48:36,170 INFO o.a.j.JMeter: Available Processors =12
2022-02-13 18:48:36,184 INFO o.a.j.JMeter: Default Locale=English (EN)
2022-02-13 18:48:36,185 INFO o.a.j.JMeter: JMeter  Locale=English (EN)
2022-02-13 18:48:36,185 INFO o.a.j.JMeter: JMeterHome=/usr/local/Cellar/jmeter/5.3/libexec
2022-02-13 18:48:36,185 INFO o.a.j.JMeter: user.dir  =/Users/user/workspace/istio-example/deploy
2022-02-13 18:48:36,185 INFO o.a.j.JMeter: PWD       =/Users/user/workspace/istio-example/deploy
2022-02-13 18:48:36,187 INFO o.a.j.JMeter: IP: 127.0.0.1 Name: AL01386537.local FullName: localhost
2022-02-13 18:48:40,926 INFO o.a.j.JMeter: Setting LAF to: com.github.weisj.darklaf.DarkLaf:com.github.weisj.darklaf.theme.DarculaTheme
2022-02-13 18:48:43,386 INFO o.a.j.JMeter: Loaded icon properties from org/apache/jmeter/images/icon.properties
2022-02-13 18:48:44,765 INFO o.j.r.JARSourceHTTP: Requesting https://jmeter-plugins.org/repo/?installID=mac_os_x-44374f34fd663610195cd6751a4d112d-gui
2022-02-13 18:48:47,035 INFO o.j.r.PluginManager: Plugins Status: [jpgc-plugins-manager=1.3, jmeter-core=5.3, jmeter-ftp=5.3, jmeter-http=5.3, jmeter-jdbc=5.3, jmeter-jms=5.3, jmeter-junit=5.3, jmeter-java=5.3, jmeter-ldap=5.3, jmeter-mail=5.3, jmeter-mongodb=5.3, jmeter-native=5.3, jmeter-tcp=5.3, jmeter-components=5.3]
2022-02-13 18:48:47,036 INFO o.j.r.PluginManagerMenuItem: Plugins Manager has upgrades: [jpgc-plugins-manager]
2022-02-13 18:48:55,944 INFO o.a.j.s.FileServer: Default base='/Users/user/workspace/istio-example/deploy'
2022-02-13 18:51:10,341 INFO o.a.j.p.h.s.HTTPSamplerBase: Parser for text/html is org.apache.jmeter.protocol.http.parser.LagartoBasedHtmlParser
2022-02-13 18:51:10,342 INFO o.a.j.p.h.s.HTTPSamplerBase: Parser for application/xhtml+xml is org.apache.jmeter.protocol.http.parser.LagartoBasedHtmlParser
2022-02-13 18:51:10,342 INFO o.a.j.p.h.s.HTTPSamplerBase: Parser for application/xml is org.apache.jmeter.protocol.http.parser.LagartoBasedHtmlParser
2022-02-13 18:51:10,342 INFO o.a.j.p.h.s.HTTPSamplerBase: Parser for text/xml is org.apache.jmeter.protocol.http.parser.LagartoBasedHtmlParser
2022-02-13 18:51:10,342 INFO o.a.j.p.h.s.HTTPSamplerBase: Parser for text/vnd.wap.wml is org.apache.jmeter.protocol.http.parser.RegexpHTMLParser
2022-02-13 18:51:10,342 INFO o.a.j.p.h.s.HTTPSamplerBase: Parser for text/css is org.apache.jmeter.protocol.http.parser.CssParser
2022-02-13 18:52:13,193 INFO o.a.j.s.FileServer: Set new base='/Users/user/workspace/istio-example/deploy'
2022-02-13 18:52:13,370 INFO o.a.j.s.SaveService: Testplan (JMX) version: 2.2. Testlog (JTL) version: 2.2
2022-02-13 18:52:13,382 INFO o.a.j.s.SaveService: Using SaveService properties version 5.0
2022-02-13 18:52:13,384 INFO o.a.j.s.SaveService: Using SaveService properties file encoding UTF-8
2022-02-13 18:52:13,461 INFO o.a.j.e.StandardJMeterEngine: Running the test!
2022-02-13 18:52:13,462 INFO o.a.j.s.SampleEvent: List of sample_variables: []
2022-02-13 18:52:13,462 INFO o.a.j.s.SampleEvent: List of sample_variables: []
2022-02-13 18:52:13,463 INFO o.a.j.e.u.CompoundVariable: Note: Function class names must contain the string: '.functions.'
2022-02-13 18:52:13,464 INFO o.a.j.e.u.CompoundVariable: Note: Function class names must not contain the string: '.gui.'
2022-02-13 18:52:13,765 INFO o.a.j.g.u.JMeterMenuBar: setRunning(true, *local*)
2022-02-13 18:52:13,815 INFO o.a.j.e.StandardJMeterEngine: Starting ThreadGroup: 1 : Request
2022-02-13 18:52:13,815 INFO o.a.j.e.StandardJMeterEngine: Starting 1 threads for group Request.
2022-02-13 18:52:13,815 INFO o.a.j.e.StandardJMeterEngine: Thread will continue on error
2022-02-13 18:52:13,815 INFO o.a.j.t.ThreadGroup: Starting thread group... number=1 threads=1 ramp-up=1 delayedStart=false
2022-02-13 18:52:13,818 INFO o.a.j.t.ThreadGroup: Started thread group number 1
2022-02-13 18:52:13,818 INFO o.a.j.e.StandardJMeterEngine: All thread groups have been started
2022-02-13 18:52:13,819 INFO o.a.j.t.JMeterThread: Thread started: Request 1-1
2022-02-13 18:52:13,822 INFO o.a.j.s.SampleResult: Note: Sample TimeStamps are START times
2022-02-13 18:52:13,823 INFO o.a.j.s.SampleResult: sampleresult.default.encoding is set to ISO-8859-1
2022-02-13 18:52:13,823 INFO o.a.j.s.SampleResult: sampleresult.useNanoTime=true
2022-02-13 18:52:13,823 INFO o.a.j.s.SampleResult: sampleresult.nanoThreadSleep=5000
2022-02-13 18:52:13,840 INFO o.a.j.t.JMeterThread: Thread is done: Request 1-1
2022-02-13 18:52:13,840 INFO o.a.j.t.JMeterThread: Thread finished: Request 1-1
2022-02-13 18:52:13,840 INFO o.a.j.e.StandardJMeterEngine: Notifying test listeners of end of test
2022-02-13 18:52:13,840 INFO o.a.j.g.u.JMeterMenuBar: setRunning(false, *local*)
2022-02-13 18:52:36,116 INFO o.a.j.e.StandardJMeterEngine: Running the test!
2022-02-13 18:52:36,117 INFO o.a.j.s.SampleEvent: List of sample_variables: []
2022-02-13 18:52:36,118 INFO o.a.j.g.u.JMeterMenuBar: setRunning(true, *local*)
2022-02-13 18:52:36,146 INFO o.a.j.e.StandardJMeterEngine: Starting ThreadGroup: 1 : Request
2022-02-13 18:52:36,146 INFO o.a.j.e.StandardJMeterEngine: Starting 1 threads for group Request.
2022-02-13 18:52:36,146 INFO o.a.j.e.StandardJMeterEngine: Thread will continue on error
2022-02-13 18:52:36,146 INFO o.a.j.t.ThreadGroup: Starting thread group... number=1 threads=1 ramp-up=1 delayedStart=false
2022-02-13 18:52:36,147 INFO o.a.j.t.ThreadGroup: Started thread group number 1
2022-02-13 18:52:36,147 INFO o.a.j.e.StandardJMeterEngine: All thread groups have been started
2022-02-13 18:52:36,147 INFO o.a.j.t.JMeterThread: Thread started: Request 1-1
2022-02-13 18:52:36,157 INFO o.a.j.t.JMeterThread: Thread is done: Request 1-1
2022-02-13 18:52:36,157 INFO o.a.j.t.JMeterThread: Thread finished: Request 1-1
2022-02-13 18:52:36,158 INFO o.a.j.e.StandardJMeterEngine: Notifying test listeners of end of test
2022-02-13 18:52:36,158 INFO o.a.j.g.u.JMeterMenuBar: setRunning(false, *local*)
2022-02-13 18:53:55,592 INFO o.a.j.e.StandardJMeterEngine: Running the test!
2022-02-13 18:53:55,593 INFO o.a.j.s.SampleEvent: List of sample_variables: []
2022-02-13 18:53:55,594 INFO o.a.j.g.u.JMeterMenuBar: setRunning(true, *local*)
2022-02-13 18:53:55,619 INFO o.a.j.e.StandardJMeterEngine: Starting ThreadGroup: 1 : Request
2022-02-13 18:53:55,619 INFO o.a.j.e.StandardJMeterEngine: Starting 1 threads for group Request.
2022-02-13 18:53:55,619 INFO o.a.j.e.StandardJMeterEngine: Thread will continue on error
2022-02-13 18:53:55,619 INFO o.a.j.t.ThreadGroup: Starting thread group... number=1 threads=1 ramp-up=1 delayedStart=false
2022-02-13 18:53:55,620 INFO o.a.j.t.ThreadGroup: Started thread group number 1
2022-02-13 18:53:55,620 INFO o.a.j.e.StandardJMeterEngine: All thread groups have been started
2022-02-13 18:53:55,620 INFO o.a.j.t.JMeterThread: Thread started: Request 1-1
2022-02-13 18:53:55,630 INFO o.a.j.t.JMeterThread: Thread is done: Request 1-1
2022-02-13 18:53:55,630 INFO o.a.j.t.JMeterThread: Thread finished: Request 1-1
2022-02-13 18:53:55,630 INFO o.a.j.e.StandardJMeterEngine: Notifying test listeners of end of test
2022-02-13 18:53:55,630 INFO o.a.j.g.u.JMeterMenuBar: setRunning(false, *local*)
2022-02-13 18:54:12,993 INFO o.a.j.e.StandardJMeterEngine: Running the test!
2022-02-13 18:54:12,994 INFO o.a.j.s.SampleEvent: List of sample_variables: []
2022-02-13 18:54:12,995 INFO o.a.j.g.u.JMeterMenuBar: setRunning(true, *local*)
2022-02-13 18:54:13,021 INFO o.a.j.e.StandardJMeterEngine: Starting ThreadGroup: 1 : Request
2022-02-13 18:54:13,021 INFO o.a.j.e.StandardJMeterEngine: Starting 1 threads for group Request.
2022-02-13 18:54:13,021 INFO o.a.j.e.StandardJMeterEngine: Thread will continue on error
2022-02-13 18:54:13,021 INFO o.a.j.t.ThreadGroup: Starting thread group... number=1 threads=1 ramp-up=1 delayedStart=false
2022-02-13 18:54:13,022 INFO o.a.j.t.ThreadGroup: Started thread group number 1
2022-02-13 18:54:13,022 INFO o.a.j.e.StandardJMeterEngine: All thread groups have been started
2022-02-13 18:54:13,022 INFO o.a.j.t.JMeterThread: Thread started: Request 1-1
2022-02-13 18:54:13,031 INFO o.a.j.t.JMeterThread: Thread is done: Request 1-1
2022-02-13 18:54:13,031 INFO o.a.j.t.JMeterThread: Thread finished: Request 1-1
2022-02-13 18:54:13,032 INFO o.a.j.e.StandardJMeterEngine: Notifying test listeners of end of test
2022-02-13 18:54:13,032 INFO o.a.j.g.u.JMeterMenuBar: setRunning(false, *local*)
2022-02-13 18:54:24,242 INFO o.a.j.e.StandardJMeterEngine: Running the test!
2022-02-13 18:54:24,243 INFO o.a.j.s.SampleEvent: List of sample_variables: []
2022-02-13 18:54:24,244 INFO o.a.j.g.u.JMeterMenuBar: setRunning(true, *local*)
2022-02-13 18:54:24,277 INFO o.a.j.e.StandardJMeterEngine: Starting ThreadGroup: 1 : Request
2022-02-13 18:54:24,277 INFO o.a.j.e.StandardJMeterEngine: Starting 1 threads for group Request.
2022-02-13 18:54:24,277 INFO o.a.j.e.StandardJMeterEngine: Thread will continue on error
2022-02-13 18:54:24,277 INFO o.a.j.t.ThreadGroup: Starting thread group... number=1 threads=1 ramp-up=1 delayedStart=false
2022-02-13 18:54:24,278 INFO o.a.j.t.ThreadGroup: Started thread group number 1
2022-02-13 18:54:24,278 INFO o.a.j.e.StandardJMeterEngine: All thread groups have been started
2022-02-13 18:54:24,278 INFO o.a.j.t.JMeterThread: Thread started: Request 1-1
2022-02-13 18:54:24,287 INFO o.a.j.t.JMeterThread: Thread is done: Request 1-1
2022-02-13 18:54:24,288 INFO o.a.j.t.JMeterThread: Thread finished: Request 1-1
2022-02-13 18:54:24,288 INFO o.a.j.e.StandardJMeterEngine: Notifying test listeners of end of test
2022-02-13 18:54:24,288 INFO o.a.j.g.u.JMeterMenuBar: setRunning(false, *local*)
2022-02-13 18:54:25,305 INFO o.a.j.e.StandardJMeterEngine: Running the test!
2022-02-13 18:54:25,305 INFO o.a.j.s.SampleEvent: List of sample_variables: []
2022-02-13 18:54:25,306 INFO o.a.j.g.u.JMeterMenuBar: setRunning(true, *local*)
2022-02-13 18:54:25,332 INFO o.a.j.e.StandardJMeterEngine: Starting ThreadGroup: 1 : Request
2022-02-13 18:54:25,332 INFO o.a.j.e.StandardJMeterEngine: Starting 1 threads for group Request.
2022-02-13 18:54:25,332 INFO o.a.j.e.StandardJMeterEngine: Thread will continue on error
2022-02-13 18:54:25,332 INFO o.a.j.t.ThreadGroup: Starting thread group... number=1 threads=1 ramp-up=1 delayedStart=false
2022-02-13 18:54:25,333 INFO o.a.j.t.ThreadGroup: Started thread group number 1
2022-02-13 18:54:25,333 INFO o.a.j.e.StandardJMeterEngine: All thread groups have been started
2022-02-13 18:54:25,333 INFO o.a.j.t.JMeterThread: Thread started: Request 1-1
2022-02-13 18:54:25,340 INFO o.a.j.t.JMeterThread: Thread is done: Request 1-1
2022-02-13 18:54:25,340 INFO o.a.j.t.JMeterThread: Thread finished: Request 1-1
2022-02-13 18:54:25,340 INFO o.a.j.e.StandardJMeterEngine: Notifying test listeners of end of test
2022-02-13 18:54:25,340 INFO o.a.j.g.u.JMeterMenuBar: setRunning(false, *local*)
2022-02-13 18:54:26,113 INFO o.a.j.e.StandardJMeterEngine: Running the test!
2022-02-13 18:54:26,113 INFO o.a.j.s.SampleEvent: List of sample_variables: []
2022-02-13 18:54:26,114 INFO o.a.j.g.u.JMeterMenuBar: setRunning(true, *local*)
2022-02-13 18:54:26,139 INFO o.a.j.e.StandardJMeterEngine: Starting ThreadGroup: 1 : Request
2022-02-13 18:54:26,139 INFO o.a.j.e.StandardJMeterEngine: Starting 1 threads for group Request.
2022-02-13 18:54:26,139 INFO o.a.j.e.StandardJMeterEngine: Thread will continue on error
2022-02-13 18:54:26,139 INFO o.a.j.t.ThreadGroup: Starting thread group... number=1 threads=1 ramp-up=1 delayedStart=false
2022-02-13 18:54:26,139 INFO o.a.j.t.ThreadGroup: Started thread group number 1
2022-02-13 18:54:26,139 INFO o.a.j.e.StandardJMeterEngine: All thread groups have been started
2022-02-13 18:54:26,139 INFO o.a.j.t.JMeterThread: Thread started: Request 1-1
2022-02-13 18:54:26,146 INFO o.a.j.t.JMeterThread: Thread is done: Request 1-1
2022-02-13 18:54:26,146 INFO o.a.j.t.JMeterThread: Thread finished: Request 1-1
2022-02-13 18:54:26,146 INFO o.a.j.e.StandardJMeterEngine: Notifying test listeners of end of test
2022-02-13 18:54:26,146 INFO o.a.j.g.u.JMeterMenuBar: setRunning(false, *local*)
2022-02-13 18:56:46,048 INFO o.a.j.e.StandardJMeterEngine: Running the test!
2022-02-13 18:56:46,049 INFO o.a.j.s.SampleEvent: List of sample_variables: []
2022-02-13 18:56:46,050 INFO o.a.j.g.u.JMeterMenuBar: setRunning(true, *local*)
2022-02-13 18:56:46,077 INFO o.a.j.e.StandardJMeterEngine: Starting ThreadGroup: 1 : Request
2022-02-13 18:56:46,077 INFO o.a.j.e.StandardJMeterEngine: Starting 1 threads for group Request.
2022-02-13 18:56:46,077 INFO o.a.j.e.StandardJMeterEngine: Thread will continue on error
2022-02-13 18:56:46,077 INFO o.a.j.t.ThreadGroup: Starting thread group... number=1 threads=1 ramp-up=1 delayedStart=false
2022-02-13 18:56:46,078 INFO o.a.j.t.ThreadGroup: Started thread group number 1
2022-02-13 18:56:46,078 INFO o.a.j.e.StandardJMeterEngine: All thread groups have been started
2022-02-13 18:56:46,078 INFO o.a.j.t.JMeterThread: Thread started: Request 1-1
2022-02-13 18:56:46,083 INFO o.a.j.t.JMeterThread: Thread is done: Request 1-1
2022-02-13 18:56:46,083 INFO o.a.j.t.JMeterThread: Thread finished: Request 1-1
2022-02-13 18:56:46,083 INFO o.a.j.e.StandardJMeterEngine: Notifying test listeners of end of test
2022-02-13 18:56:46,084 INFO o.a.j.g.u.JMeterMenuBar: setRunning(false, *local*)
2022-02-13 18:56:55,509 INFO o.a.j.e.StandardJMeterEngine: Running the test!
2022-02-13 18:56:55,509 INFO o.a.j.s.SampleEvent: List of sample_variables: []
2022-02-13 18:56:55,510 INFO o.a.j.g.u.JMeterMenuBar: setRunning(true, *local*)
2022-02-13 18:56:55,541 INFO o.a.j.e.StandardJMeterEngine: Starting ThreadGroup: 1 : Request
2022-02-13 18:56:55,542 INFO o.a.j.e.StandardJMeterEngine: Starting 1 threads for group Request.
2022-02-13 18:56:55,542 INFO o.a.j.e.StandardJMeterEngine: Thread will continue on error
2022-02-13 18:56:55,542 INFO o.a.j.t.ThreadGroup: Starting thread group... number=1 threads=1 ramp-up=1 delayedStart=false
2022-02-13 18:56:55,542 INFO o.a.j.t.ThreadGroup: Started thread group number 1
2022-02-13 18:56:55,543 INFO o.a.j.e.StandardJMeterEngine: All thread groups have been started
2022-02-13 18:56:55,543 INFO o.a.j.t.JMeterThread: Thread started: Request 1-1
2022-02-13 18:56:55,549 INFO o.a.j.t.JMeterThread: Thread is done: Request 1-1
2022-02-13 18:56:55,549 INFO o.a.j.t.JMeterThread: Thread finished: Request 1-1
2022-02-13 18:56:55,550 INFO o.a.j.e.StandardJMeterEngine: Notifying test listeners of end of test
2022-02-13 18:56:55,550 INFO o.a.j.g.u.JMeterMenuBar: setRunning(false, *local*)
2022-02-13 18:57:00,363 INFO o.a.j.e.StandardJMeterEngine: Running the test!
2022-02-13 18:57:00,363 INFO o.a.j.s.SampleEvent: List of sample_variables: []
2022-02-13 18:57:00,363 INFO o.a.j.g.u.JMeterMenuBar: setRunning(true, *local*)
2022-02-13 18:57:00,393 INFO o.a.j.e.StandardJMeterEngine: Starting ThreadGroup: 1 : Request
2022-02-13 18:57:00,393 INFO o.a.j.e.StandardJMeterEngine: Starting 1 threads for group Request.
2022-02-13 18:57:00,393 INFO o.a.j.e.StandardJMeterEngine: Thread will continue on error
2022-02-13 18:57:00,393 INFO o.a.j.t.ThreadGroup: Starting thread group... number=1 threads=1 ramp-up=1 delayedStart=false
2022-02-13 18:57:00,394 INFO o.a.j.t.ThreadGroup: Started thread group number 1
2022-02-13 18:57:00,394 INFO o.a.j.e.StandardJMeterEngine: All thread groups have been started
2022-02-13 18:57:00,394 INFO o.a.j.t.JMeterThread: Thread started: Request 1-1
2022-02-13 18:57:00,398 INFO o.a.j.t.JMeterThread: Thread is done: Request 1-1
2022-02-13 18:57:00,398 INFO o.a.j.t.JMeterThread: Thread finished: Request 1-1
2022-02-13 18:57:00,398 INFO o.a.j.e.StandardJMeterEngine: Notifying test listeners of end of test
2022-02-13 18:57:00,398 INFO o.a.j.g.u.JMeterMenuBar: setRunning(false, *local*)
2022-02-13 18:57:01,631 INFO o.a.j.e.StandardJMeterEngine: Running the test!
2022-02-13 18:57:01,631 INFO o.a.j.s.SampleEvent: List of sample_variables: []
2022-02-13 18:57:01,631 INFO o.a.j.g.u.JMeterMenuBar: setRunning(true, *local*)
2022-02-13 18:57:01,659 INFO o.a.j.e.StandardJMeterEngine: Starting ThreadGroup: 1 : Request
2022-02-13 18:57:01,660 INFO o.a.j.e.StandardJMeterEngine: Starting 1 threads for group Request.
2022-02-13 18:57:01,660 INFO o.a.j.e.StandardJMeterEngine: Thread will continue on error
2022-02-13 18:57:01,660 INFO o.a.j.t.ThreadGroup: Starting thread group... number=1 threads=1 ramp-up=1 delayedStart=false
2022-02-13 18:57:01,660 INFO o.a.j.t.ThreadGroup: Started thread group number 1
2022-02-13 18:57:01,660 INFO o.a.j.e.StandardJMeterEngine: All thread groups have been started
2022-02-13 18:57:01,660 INFO o.a.j.t.JMeterThread: Thread started: Request 1-1
2022-02-13 18:57:01,665 INFO o.a.j.t.JMeterThread: Thread is done: Request 1-1
2022-02-13 18:57:01,665 INFO o.a.j.t.JMeterThread: Thread finished: Request 1-1
2022-02-13 18:57:01,665 INFO o.a.j.e.StandardJMeterEngine: Notifying test listeners of end of test
2022-02-13 18:57:01,665 INFO o.a.j.g.u.JMeterMenuBar: setRunning(false, *local*)
2022-02-13 18:57:02,873 INFO o.a.j.e.StandardJMeterEngine: Running the test!
2022-02-13 18:57:02,873 INFO o.a.j.s.SampleEvent: List of sample_variables: []
2022-02-13 18:57:02,873 INFO o.a.j.g.u.JMeterMenuBar: setRunning(true, *local*)
2022-02-13 18:57:02,900 INFO o.a.j.e.StandardJMeterEngine: Starting ThreadGroup: 1 : Request
2022-02-13 18:57:02,901 INFO o.a.j.e.StandardJMeterEngine: Starting 1 threads for group Request.
2022-02-13 18:57:02,901 INFO o.a.j.e.StandardJMeterEngine: Thread will continue on error
2022-02-13 18:57:02,901 INFO o.a.j.t.ThreadGroup: Starting thread group... number=1 threads=1 ramp-up=1 delayedStart=false
2022-02-13 18:57:02,901 INFO o.a.j.t.ThreadGroup: Started thread group number 1
2022-02-13 18:57:02,901 INFO o.a.j.e.StandardJMeterEngine: All thread groups have been started
2022-02-13 18:57:02,901 INFO o.a.j.t.JMeterThread: Thread started: Request 1-1
2022-02-13 18:57:02,905 INFO o.a.j.t.JMeterThread: Thread is done: Request 1-1
2022-02-13 18:57:02,905 INFO o.a.j.t.JMeterThread: Thread finished: Request 1-1
2022-02-13 18:57:02,905 INFO o.a.j.e.StandardJMeterEngine: Notifying test listeners of end of test
2022-02-13 18:57:02,905 INFO o.a.j.g.u.JMeterMenuBar: setRunning(false, *local*)
2022-02-13 18:57:03,874 INFO o.a.j.e.StandardJMeterEngine: Running the test!
2022-02-13 18:57:03,874 INFO o.a.j.s.SampleEvent: List of sample_variables: []
2022-02-13 18:57:03,874 INFO o.a.j.g.u.JMeterMenuBar: setRunning(true, *local*)
2022-02-13 18:57:03,900 INFO o.a.j.e.StandardJMeterEngine: Starting ThreadGroup: 1 : Request
2022-02-13 18:57:03,900 INFO o.a.j.e.StandardJMeterEngine: Starting 1 threads for group Request.
2022-02-13 18:57:03,900 INFO o.a.j.e.StandardJMeterEngine: Thread will continue on error
2022-02-13 18:57:03,900 INFO o.a.j.t.ThreadGroup: Starting thread group... number=1 threads=1 ramp-up=1 delayedStart=false
2022-02-13 18:57:03,901 INFO o.a.j.t.ThreadGroup: Started thread group number 1
2022-02-13 18:57:03,901 INFO o.a.j.e.StandardJMeterEngine: All thread groups have been started
2022-02-13 18:57:03,901 INFO o.a.j.t.JMeterThread: Thread started: Request 1-1
2022-02-13 18:57:03,905 INFO o.a.j.t.JMeterThread: Thread is done: Request 1-1
2022-02-13 18:57:03,905 INFO o.a.j.t.JMeterThread: Thread finished: Request 1-1
2022-02-13 18:57:03,906 INFO o.a.j.e.StandardJMeterEngine: Notifying test listeners of end of test
2022-02-13 18:57:03,906 INFO o.a.j.g.u.JMeterMenuBar: setRunning(false, *local*)
2022-02-13 18:57:05,162 INFO o.a.j.e.StandardJMeterEngine: Running the test!
2022-02-13 18:57:05,162 INFO o.a.j.s.SampleEvent: List of sample_variables: []
2022-02-13 18:57:05,163 INFO o.a.j.g.u.JMeterMenuBar: setRunning(true, *local*)
2022-02-13 18:57:05,191 INFO o.a.j.e.StandardJMeterEngine: Starting ThreadGroup: 1 : Request
2022-02-13 18:57:05,191 INFO o.a.j.e.StandardJMeterEngine: Starting 1 threads for group Request.
2022-02-13 18:57:05,191 INFO o.a.j.e.StandardJMeterEngine: Thread will continue on error
2022-02-13 18:57:05,192 INFO o.a.j.t.ThreadGroup: Starting thread group... number=1 threads=1 ramp-up=1 delayedStart=false
2022-02-13 18:57:05,192 INFO o.a.j.t.ThreadGroup: Started thread group number 1
2022-02-13 18:57:05,192 INFO o.a.j.e.StandardJMeterEngine: All thread groups have been started
2022-02-13 18:57:05,192 INFO o.a.j.t.JMeterThread: Thread started: Request 1-1
2022-02-13 18:57:05,196 INFO o.a.j.t.JMeterThread: Thread is done: Request 1-1
2022-02-13 18:57:05,196 INFO o.a.j.t.JMeterThread: Thread finished: Request 1-1
2022-02-13 18:57:05,196 INFO o.a.j.e.StandardJMeterEngine: Notifying test listeners of end of test
2022-02-13 18:57:05,196 INFO o.a.j.g.u.JMeterMenuBar: setRunning(false, *local*)
2022-02-13 18:57:06,308 INFO o.a.j.e.StandardJMeterEngine: Running the test!
2022-02-13 18:57:06,309 INFO o.a.j.s.SampleEvent: List of sample_variables: []
2022-02-13 18:57:06,309 INFO o.a.j.g.u.JMeterMenuBar: setRunning(true, *local*)
2022-02-13 18:57:06,339 INFO o.a.j.e.StandardJMeterEngine: Starting ThreadGroup: 1 : Request
2022-02-13 18:57:06,339 INFO o.a.j.e.StandardJMeterEngine: Starting 1 threads for group Request.
2022-02-13 18:57:06,340 INFO o.a.j.e.StandardJMeterEngine: Thread will continue on error
2022-02-13 18:57:06,340 INFO o.a.j.t.ThreadGroup: Starting thread group... number=1 threads=1 ramp-up=1 delayedStart=false
2022-02-13 18:57:06,340 INFO o.a.j.t.ThreadGroup: Started thread group number 1
2022-02-13 18:57:06,340 INFO o.a.j.e.StandardJMeterEngine: All thread groups have been started
2022-02-13 18:57:06,340 INFO o.a.j.t.JMeterThread: Thread started: Request 1-1
2022-02-13 18:57:06,345 INFO o.a.j.t.JMeterThread: Thread is done: Request 1-1
2022-02-13 18:57:06,346 INFO o.a.j.t.JMeterThread: Thread finished: Request 1-1
2022-02-13 18:57:06,346 INFO o.a.j.e.StandardJMeterEngine: Notifying test listeners of end of test
2022-02-13 18:57:06,346 INFO o.a.j.g.u.JMeterMenuBar: setRunning(false, *local*)
2022-02-13 18:57:17,686 INFO o.a.j.e.StandardJMeterEngine: Running the test!
2022-02-13 18:57:17,686 INFO o.a.j.s.SampleEvent: List of sample_variables: []
2022-02-13 18:57:17,686 INFO o.a.j.g.u.JMeterMenuBar: setRunning(true, *local*)
2022-02-13 18:57:17,713 INFO o.a.j.e.StandardJMeterEngine: Starting ThreadGroup: 1 : Request
2022-02-13 18:57:17,713 INFO o.a.j.e.StandardJMeterEngine: Starting 1 threads for group Request.
2022-02-13 18:57:17,714 INFO o.a.j.e.StandardJMeterEngine: Thread will continue on error
2022-02-13 18:57:17,714 INFO o.a.j.t.ThreadGroup: Starting thread group... number=1 threads=1 ramp-up=100 delayedStart=false
2022-02-13 18:57:17,714 INFO o.a.j.t.ThreadGroup: Started thread group number 1
2022-02-13 18:57:17,714 INFO o.a.j.e.StandardJMeterEngine: All thread groups have been started
2022-02-13 18:57:17,714 INFO o.a.j.t.JMeterThread: Thread started: Request 1-1
2022-02-13 18:57:17,718 INFO o.a.j.t.JMeterThread: Thread is done: Request 1-1
2022-02-13 18:57:17,718 INFO o.a.j.t.JMeterThread: Thread finished: Request 1-1
2022-02-13 18:57:17,718 INFO o.a.j.e.StandardJMeterEngine: Notifying test listeners of end of test
2022-02-13 18:57:17,718 INFO o.a.j.g.u.JMeterMenuBar: setRunning(false, *local*)
2022-02-13 18:57:21,026 INFO o.a.j.e.StandardJMeterEngine: Running the test!
2022-02-13 18:57:21,027 INFO o.a.j.s.SampleEvent: List of sample_variables: []
2022-02-13 18:57:21,027 INFO o.a.j.g.u.JMeterMenuBar: setRunning(true, *local*)
2022-02-13 18:57:21,056 INFO o.a.j.e.StandardJMeterEngine: Starting ThreadGroup: 1 : Request
2022-02-13 18:57:21,056 INFO o.a.j.e.StandardJMeterEngine: Starting 1 threads for group Request.
2022-02-13 18:57:21,056 INFO o.a.j.e.StandardJMeterEngine: Thread will continue on error
2022-02-13 18:57:21,056 INFO o.a.j.t.ThreadGroup: Starting thread group... number=1 threads=1 ramp-up=100 delayedStart=false
2022-02-13 18:57:21,056 INFO o.a.j.t.ThreadGroup: Started thread group number 1
2022-02-13 18:57:21,056 INFO o.a.j.e.StandardJMeterEngine: All thread groups have been started
2022-02-13 18:57:21,057 INFO o.a.j.t.JMeterThread: Thread started: Request 1-1
2022-02-13 18:57:21,060 INFO o.a.j.t.JMeterThread: Thread is done: Request 1-1
2022-02-13 18:57:21,060 INFO o.a.j.t.JMeterThread: Thread finished: Request 1-1
2022-02-13 18:57:21,061 INFO o.a.j.e.StandardJMeterEngine: Notifying test listeners of end of test
2022-02-13 18:57:21,061 INFO o.a.j.g.u.JMeterMenuBar: setRunning(false, *local*)
2022-02-13 18:59:12,163 INFO o.a.j.e.StandardJMeterEngine: Running the test!
2022-02-13 18:59:12,164 INFO o.a.j.s.SampleEvent: List of sample_variables: []
2022-02-13 18:59:12,164 INFO o.a.j.g.u.JMeterMenuBar: setRunning(true, *local*)
2022-02-13 18:59:12,192 INFO o.a.j.e.StandardJMeterEngine: Starting ThreadGroup: 1 : Request
2022-02-13 18:59:12,193 INFO o.a.j.e.StandardJMeterEngine: Starting 1 threads for group Request.
2022-02-13 18:59:12,193 INFO o.a.j.e.StandardJMeterEngine: Thread will continue on error
2022-02-13 18:59:12,193 INFO o.a.j.t.ThreadGroup: Starting thread group... number=1 threads=1 ramp-up=100 delayedStart=false
2022-02-13 18:59:12,193 INFO o.a.j.t.ThreadGroup: Started thread group number 1
2022-02-13 18:59:12,193 INFO o.a.j.e.StandardJMeterEngine: All thread groups have been started
2022-02-13 18:59:12,193 INFO o.a.j.t.JMeterThread: Thread started: Request 1-1
2022-02-13 18:59:12,197 INFO o.a.j.t.JMeterThread: Thread is done: Request 1-1
2022-02-13 18:59:12,197 INFO o.a.j.t.JMeterThread: Thread finished: Request 1-1
2022-02-13 18:59:12,197 INFO o.a.j.e.StandardJMeterEngine: Notifying test listeners of end of test
2022-02-13 18:59:12,197 INFO o.a.j.g.u.JMeterMenuBar: setRunning(false, *local*)
2022-02-13 19:05:59,426 INFO o.a.j.e.StandardJMeterEngine: Running the test!
2022-02-13 19:05:59,426 INFO o.a.j.s.SampleEvent: List of sample_variables: []
2022-02-13 19:05:59,426 INFO o.a.j.g.u.JMeterMenuBar: setRunning(true, *local*)
2022-02-13 19:05:59,454 INFO o.a.j.e.StandardJMeterEngine: Starting ThreadGroup: 1 : Request
2022-02-13 19:05:59,454 INFO o.a.j.e.StandardJMeterEngine: Starting 1 threads for group Request.
2022-02-13 19:05:59,454 INFO o.a.j.e.StandardJMeterEngine: Thread will continue on error
2022-02-13 19:05:59,454 INFO o.a.j.t.ThreadGroup: Starting thread group... number=1 threads=1 ramp-up=100 delayedStart=false
2022-02-13 19:05:59,455 INFO o.a.j.t.ThreadGroup: Started thread group number 1
2022-02-13 19:05:59,455 INFO o.a.j.e.StandardJMeterEngine: All thread groups have been started
2022-02-13 19:05:59,455 INFO o.a.j.t.JMeterThread: Thread started: Request 1-1
2022-02-13 19:05:59,458 INFO o.a.j.t.JMeterThread: Thread is done: Request 1-1
2022-02-13 19:05:59,458 INFO o.a.j.t.JMeterThread: Thread finished: Request 1-1
2022-02-13 19:05:59,458 INFO o.a.j.e.StandardJMeterEngine: Notifying test listeners of end of test
2022-02-13 19:05:59,458 INFO o.a.j.g.u.JMeterMenuBar: setRunning(false, *local*)
2022-02-13 19:06:20,150 INFO o.a.j.e.StandardJMeterEngine: Running the test!
2022-02-13 19:06:20,150 INFO o.a.j.s.SampleEvent: List of sample_variables: []
2022-02-13 19:06:20,150 INFO o.a.j.g.u.JMeterMenuBar: setRunning(true, *local*)
2022-02-13 19:06:20,191 INFO o.a.j.e.StandardJMeterEngine: Starting ThreadGroup: 1 : Request
2022-02-13 19:06:20,191 INFO o.a.j.e.StandardJMeterEngine: Starting 1 threads for group Request.
2022-02-13 19:06:20,191 INFO o.a.j.e.StandardJMeterEngine: Thread will continue on error
2022-02-13 19:06:20,191 INFO o.a.j.t.ThreadGroup: Starting thread group... number=1 threads=1 ramp-up=100 delayedStart=false
2022-02-13 19:06:20,192 INFO o.a.j.t.ThreadGroup: Started thread group number 1
2022-02-13 19:06:20,192 INFO o.a.j.e.StandardJMeterEngine: All thread groups have been started
2022-02-13 19:06:20,192 INFO o.a.j.t.JMeterThread: Thread started: Request 1-1
2022-02-13 19:06:20,195 INFO o.a.j.t.JMeterThread: Thread is done: Request 1-1
2022-02-13 19:06:20,195 INFO o.a.j.t.JMeterThread: Thread finished: Request 1-1
2022-02-13 19:06:20,195 INFO o.a.j.e.StandardJMeterEngine: Notifying test listeners of end of test
2022-02-13 19:06:20,195 INFO o.a.j.g.u.JMeterMenuBar: setRunning(false, *local*)
